<?xml version="1.0" encoding="UTF-8"?>
<!-- Generated by org.testng.reporters.JUnitXMLReporter -->
<testsuite ignored="0" hostname="DESKTOP-4GSVHLM" failures="1" tests="3" name="error validations" time="81.223" errors="0" timestamp="2023-10-02T15:54:12 IST">
  <testcase classname="learningselenium.Tests.ErrorValidationsTest" name="LoginErrorValidation" time="1.96">
    <skipped/>
  </testcase> <!-- LoginErrorValidation -->
  <testcase classname="learningselenium.Tests.ErrorValidationsTest" name="LoginErrorValidation" time="1.352">
    <failure type="java.lang.AssertionError" message="expected [Incorrect email or password.] but found [Incorrec email or password.]">
      <![CDATA[java.lang.AssertionError: expected [Incorrect email or password.] but found [Incorrec email or password.]
at learningselenium.Tests.ErrorValidationsTest.LoginErrorValidation(ErrorValidationsTest.java:29)
at java.base/java.util.ArrayList.forEach(ArrayList.java:1511)
at java.base/java.util.concurrent.FutureTask.run(FutureTask.java:264)
at java.base/java.util.concurrent.ThreadPoolExecutor.runWorker(ThreadPoolExecutor.java:1136)
at java.base/java.util.concurrent.ThreadPoolExecutor$Worker.run(ThreadPoolExecutor.java:635)
at java.base/java.lang.Thread.run(Thread.java:833)
... Removed 23 stack frames]]>
    </failure>
  </testcase> <!-- LoginErrorValidation -->
  <testcase classname="learningselenium.Tests.ErrorValidationsTest" name="ProductErrorValidation" time="6.089"/>
</testsuite> <!-- error validations -->
